/app/docs/autoapi/smart_control/environment/environment/index.rst:138: WARNING: duplicate object description of smart_control.environment.environment.DeviceFieldId, other instance in autoapi/smart_control/environment/environment/index, use :no-index: for one of them
/app/docs/autoapi/smart_control/environment/environment/index.rst:140: WARNING: duplicate object description of smart_control.environment.environment.FieldName, other instance in autoapi/smart_control/environment/environment/index, use :no-index: for one of them
/app/docs/autoapi/smart_control/environment/environment/index.rst:205: WARNING: Definition list ends without a blank line; unexpected unindent.
/app/docs/autoapi/smart_control/environment/environment/index.rst:316: WARNING: Inline interpreted text or phrase reference start-string without end-string.
/app/docs/autoapi/smart_control/environment/environment/index.rst:327: WARNING: Inline interpreted text or phrase reference start-string without end-string.
/app/docs/autoapi/smart_control/reward/setpoint_energy_carbon_regret/index.rst:30: ERROR: Unexpected indentation.
/app/docs/autoapi/smart_control/reward/setpoint_energy_carbon_regret/index.rst:24: WARNING: Bullet list ends without a blank line; unexpected unindent.
/app/docs/autoapi/smart_control/reward/setpoint_energy_carbon_reward/index.rst:30: ERROR: Unexpected indentation.
/app/docs/autoapi/smart_control/reward/setpoint_energy_carbon_reward/index.rst:24: WARNING: Bullet list ends without a blank line; unexpected unindent.
/app/docs/autoapi/smart_control/simulator/air_handler/index.rst:89: WARNING: duplicate object description of smart_control.simulator.air_handler.AirHandler.recirculation, other instance in autoapi/smart_control/simulator/air_handler/index, use :no-index: for one of them
/app/docs/autoapi/smart_control/simulator/air_handler/index.rst:94: WARNING: duplicate object description of smart_control.simulator.air_handler.AirHandler.air_flow_rate, other instance in autoapi/smart_control/simulator/air_handler/index, use :no-index: for one of them
/app/docs/autoapi/smart_control/simulator/air_handler/index.rst:99: WARNING: duplicate object description of smart_control.simulator.air_handler.AirHandler.cooling_air_temp_setpoint, other instance in autoapi/smart_control/simulator/air_handler/index, use :no-index: for one of them
/app/docs/autoapi/smart_control/simulator/air_handler/index.rst:104: WARNING: duplicate object description of smart_control.simulator.air_handler.AirHandler.heating_air_temp_setpoint, other instance in autoapi/smart_control/simulator/air_handler/index, use :no-index: for one of them
/app/docs/autoapi/smart_control/simulator/air_handler/index.rst:109: WARNING: duplicate object description of smart_control.simulator.air_handler.AirHandler.fan_differential_pressure, other instance in autoapi/smart_control/simulator/air_handler/index, use :no-index: for one of them
/app/docs/autoapi/smart_control/simulator/air_handler/index.rst:114: WARNING: duplicate object description of smart_control.simulator.air_handler.AirHandler.fan_efficiency, other instance in autoapi/smart_control/simulator/air_handler/index, use :no-index: for one of them
/app/docs/autoapi/smart_control/simulator/air_handler/index.rst:119: WARNING: duplicate object description of smart_control.simulator.air_handler.AirHandler.cooling_request_count, other instance in autoapi/smart_control/simulator/air_handler/index, use :no-index: for one of them
/app/docs/autoapi/smart_control/simulator/air_handler/index.rst:124: WARNING: duplicate object description of smart_control.simulator.air_handler.AirHandler.max_air_flow_rate, other instance in autoapi/smart_control/simulator/air_handler/index, use :no-index: for one of them
/app/docs/autoapi/smart_control/simulator/boiler/index.rst:117: WARNING: duplicate object description of smart_control.simulator.boiler.Boiler.return_water_temperature_sensor, other instance in autoapi/smart_control/simulator/boiler/index, use :no-index: for one of them
/app/docs/autoapi/smart_control/simulator/boiler/index.rst:122: WARNING: duplicate object description of smart_control.simulator.boiler.Boiler.reheat_water_setpoint, other instance in autoapi/smart_control/simulator/boiler/index, use :no-index: for one of them
/app/docs/autoapi/smart_control/simulator/boiler/index.rst:127: WARNING: duplicate object description of smart_control.simulator.boiler.Boiler.heating_request_count, other instance in autoapi/smart_control/simulator/boiler/index, use :no-index: for one of them
/app/docs/autoapi/smart_control/simulator/boiler/index.rst:132: WARNING: duplicate object description of smart_control.simulator.boiler.Boiler.supply_water_temperature_sensor, other instance in autoapi/smart_control/simulator/boiler/index, use :no-index: for one of them
/app/docs/autoapi/smart_control/simulator/boiler/index.rst:137: WARNING: duplicate object description of smart_control.simulator.boiler.Boiler.supply_water_setpoint, other instance in autoapi/smart_control/simulator/boiler/index, use :no-index: for one of them
/app/docs/autoapi/smart_control/simulator/building/index.rst:273: WARNING: duplicate object description of smart_control.simulator.building.Building.cv_size_cm, other instance in autoapi/smart_control/simulator/building/index, use :no-index: for one of them
/app/docs/autoapi/smart_control/simulator/building/index.rst:276: WARNING: duplicate object description of smart_control.simulator.building.Building.floor_height_cm, other instance in autoapi/smart_control/simulator/building/index, use :no-index: for one of them
/app/docs/autoapi/smart_control/simulator/building/index.rst:279: WARNING: duplicate object description of smart_control.simulator.building.Building.room_shape, other instance in autoapi/smart_control/simulator/building/index, use :no-index: for one of them
/app/docs/autoapi/smart_control/simulator/building/index.rst:282: WARNING: duplicate object description of smart_control.simulator.building.Building.building_shape, other instance in autoapi/smart_control/simulator/building/index, use :no-index: for one of them
/app/docs/autoapi/smart_control/simulator/building/index.rst:285: WARNING: duplicate object description of smart_control.simulator.building.Building.density, other instance in autoapi/smart_control/simulator/building/index, use :no-index: for one of them
/app/docs/autoapi/smart_control/simulator/building/index.rst:292: WARNING: duplicate object description of smart_control.simulator.building.Building.heat_capacity, other instance in autoapi/smart_control/simulator/building/index, use :no-index: for one of them
/app/docs/autoapi/smart_control/simulator/building/index.rst:299: WARNING: duplicate object description of smart_control.simulator.building.Building.conductivity, other instance in autoapi/smart_control/simulator/building/index, use :no-index: for one of them
/app/docs/autoapi/smart_control/simulator/building/index.rst:306: WARNING: duplicate object description of smart_control.simulator.building.Building.cv_type, other instance in autoapi/smart_control/simulator/building/index, use :no-index: for one of them
/app/docs/autoapi/smart_control/simulator/building/index.rst:430: WARNING: duplicate object description of smart_control.simulator.building.FloorPlanBasedBuilding.cv_size_cm, other instance in autoapi/smart_control/simulator/building/index, use :no-index: for one of them
/app/docs/autoapi/smart_control/simulator/building/index.rst:433: WARNING: duplicate object description of smart_control.simulator.building.FloorPlanBasedBuilding.floor_height_cm, other instance in autoapi/smart_control/simulator/building/index, use :no-index: for one of them
/app/docs/autoapi/smart_control/simulator/building/index.rst:436: WARNING: duplicate object description of smart_control.simulator.building.FloorPlanBasedBuilding.diffusers, other instance in autoapi/smart_control/simulator/building/index, use :no-index: for one of them
/app/docs/autoapi/smart_control/simulator/building/index.rst:439: WARNING: duplicate object description of smart_control.simulator.building.FloorPlanBasedBuilding.neighbors, other instance in autoapi/smart_control/simulator/building/index, use :no-index: for one of them
/app/docs/autoapi/smart_control/simulator/building/index.rst:442: WARNING: duplicate object description of smart_control.simulator.building.FloorPlanBasedBuilding.len_neighbors, other instance in autoapi/smart_control/simulator/building/index, use :no-index: for one of them
/app/docs/autoapi/smart_control/simulator/building/index.rst:445: WARNING: duplicate object description of smart_control.simulator.building.FloorPlanBasedBuilding.density, other instance in autoapi/smart_control/simulator/building/index, use :no-index: for one of them
/app/docs/autoapi/smart_control/simulator/building/index.rst:452: WARNING: duplicate object description of smart_control.simulator.building.FloorPlanBasedBuilding.heat_capacity, other instance in autoapi/smart_control/simulator/building/index, use :no-index: for one of them
/app/docs/autoapi/smart_control/simulator/building/index.rst:459: WARNING: duplicate object description of smart_control.simulator.building.FloorPlanBasedBuilding.conductivity, other instance in autoapi/smart_control/simulator/building/index, use :no-index: for one of them
/app/docs/autoapi/smart_control/simulator/building/index.rst:466: WARNING: duplicate object description of smart_control.simulator.building.FloorPlanBasedBuilding.cv_type, other instance in autoapi/smart_control/simulator/building/index, use :no-index: for one of them
/app/docs/autoapi/smart_control/simulator/constants/index.rst:107: WARNING: duplicate object description of smart_control.simulator.constants.GENERIC_SPACE_VALUE_IN_CONNECTION_INPUT, other instance in autoapi/smart_control/simulator/constants/index, use :no-index: for one of them
/app/docs/autoapi/smart_control/simulator/constants/index.rst:115: WARNING: duplicate object description of smart_control.simulator.constants.INTERIOR_WALL_VALUE_IN_FUNCTION, other instance in autoapi/smart_control/simulator/constants/index, use :no-index: for one of them
/app/docs/autoapi/smart_control/simulator/hvac/index.rst:66: WARNING: duplicate object description of smart_control.simulator.hvac.Hvac.vavs, other instance in autoapi/smart_control/simulator/hvac/index, use :no-index: for one of them
/app/docs/autoapi/smart_control/simulator/hvac/index.rst:71: WARNING: duplicate object description of smart_control.simulator.hvac.Hvac.air_handler, other instance in autoapi/smart_control/simulator/hvac/index, use :no-index: for one of them
/app/docs/autoapi/smart_control/simulator/hvac/index.rst:76: WARNING: duplicate object description of smart_control.simulator.hvac.Hvac.boiler, other instance in autoapi/smart_control/simulator/hvac/index, use :no-index: for one of them
/app/docs/autoapi/smart_control/simulator/hvac/index.rst:87: WARNING: duplicate object description of smart_control.simulator.hvac.Hvac.zone_infos, other instance in autoapi/smart_control/simulator/hvac/index, use :no-index: for one of them
/app/docs/autoapi/smart_control/simulator/hvac_floorplan_based/index.rst:68: WARNING: duplicate object description of smart_control.simulator.hvac_floorplan_based.FloorPlanBasedHvac.fill_zone_identifier_exogenously, other instance in autoapi/smart_control/simulator/hvac_floorplan_based/index, use :no-index: for one of them
/app/docs/autoapi/smart_control/simulator/hvac_floorplan_based/index.rst:84: WARNING: duplicate object description of smart_control.simulator.hvac_floorplan_based.FloorPlanBasedHvac.vavs, other instance in autoapi/smart_control/simulator/hvac_floorplan_based/index, use :no-index: for one of them
/app/docs/autoapi/smart_control/simulator/hvac_floorplan_based/index.rst:89: WARNING: duplicate object description of smart_control.simulator.hvac_floorplan_based.FloorPlanBasedHvac.air_handler, other instance in autoapi/smart_control/simulator/hvac_floorplan_based/index, use :no-index: for one of them
/app/docs/autoapi/smart_control/simulator/hvac_floorplan_based/index.rst:94: WARNING: duplicate object description of smart_control.simulator.hvac_floorplan_based.FloorPlanBasedHvac.boiler, other instance in autoapi/smart_control/simulator/hvac_floorplan_based/index, use :no-index: for one of them
/app/docs/autoapi/smart_control/simulator/hvac_floorplan_based/index.rst:105: WARNING: duplicate object description of smart_control.simulator.hvac_floorplan_based.FloorPlanBasedHvac.zone_infos, other instance in autoapi/smart_control/simulator/hvac_floorplan_based/index, use :no-index: for one of them
/app/docs/autoapi/smart_control/simulator/setpoint_schedule/index.rst:82: WARNING: duplicate object description of smart_control.simulator.setpoint_schedule.SetpointSchedule.morning_start_hour, other instance in autoapi/smart_control/simulator/setpoint_schedule/index, use :no-index: for one of them
/app/docs/autoapi/smart_control/simulator/setpoint_schedule/index.rst:85: WARNING: duplicate object description of smart_control.simulator.setpoint_schedule.SetpointSchedule.evening_start_hour, other instance in autoapi/smart_control/simulator/setpoint_schedule/index, use :no-index: for one of them
/app/docs/autoapi/smart_control/simulator/setpoint_schedule/index.rst:88: WARNING: duplicate object description of smart_control.simulator.setpoint_schedule.SetpointSchedule.comfort_temp_window, other instance in autoapi/smart_control/simulator/setpoint_schedule/index, use :no-index: for one of them
/app/docs/autoapi/smart_control/simulator/setpoint_schedule/index.rst:91: WARNING: duplicate object description of smart_control.simulator.setpoint_schedule.SetpointSchedule.eco_temp_window, other instance in autoapi/smart_control/simulator/setpoint_schedule/index, use :no-index: for one of them
/app/docs/autoapi/smart_control/simulator/smart_device/index.rst:65: WARNING: duplicate object description of smart_control.simulator.smart_device.AttributeInfo.attribute_name, other instance in autoapi/smart_control/simulator/smart_device/index, use :no-index: for one of them
/app/docs/autoapi/smart_control/simulator/smart_device/index.rst:69: WARNING: duplicate object description of smart_control.simulator.smart_device.AttributeInfo.clazz, other instance in autoapi/smart_control/simulator/smart_device/index, use :no-index: for one of them
/app/docs/autoapi/smart_control/simulator/step_function_occupancy/index.rst:10: WARNING: Enumerated list ends without a blank line; unexpected unindent.
/app/docs/autoapi/smart_control/simulator/thermal_diffuser_utils/index.rst:70: WARNING: Block quote ends without a blank line; unexpected unindent.
/app/docs/autoapi/smart_control/simulator/vav/index.rst:85: WARNING: duplicate object description of smart_control.simulator.vav.Vav.thermostat, other instance in autoapi/smart_control/simulator/vav/index, use :no-index: for one of them
/app/docs/autoapi/smart_control/simulator/vav/index.rst:90: WARNING: duplicate object description of smart_control.simulator.vav.Vav.boiler, other instance in autoapi/smart_control/simulator/vav/index, use :no-index: for one of them
/app/docs/autoapi/smart_control/simulator/vav/index.rst:95: WARNING: duplicate object description of smart_control.simulator.vav.Vav.reheat_valve_setting, other instance in autoapi/smart_control/simulator/vav/index, use :no-index: for one of them
/app/docs/autoapi/smart_control/simulator/vav/index.rst:100: WARNING: duplicate object description of smart_control.simulator.vav.Vav.max_air_flow_rate, other instance in autoapi/smart_control/simulator/vav/index, use :no-index: for one of them
/app/docs/autoapi/smart_control/simulator/vav/index.rst:105: WARNING: duplicate object description of smart_control.simulator.vav.Vav.damper_setting, other instance in autoapi/smart_control/simulator/vav/index, use :no-index: for one of them
/app/docs/autoapi/smart_control/simulator/vav/index.rst:110: WARNING: duplicate object description of smart_control.simulator.vav.Vav.flow_rate_demand, other instance in autoapi/smart_control/simulator/vav/index, use :no-index: for one of them
/app/docs/autoapi/smart_control/simulator/vav/index.rst:115: WARNING: duplicate object description of smart_control.simulator.vav.Vav.reheat_demand, other instance in autoapi/smart_control/simulator/vav/index, use :no-index: for one of them
/app/docs/autoapi/smart_control/simulator/vav/index.rst:120: WARNING: duplicate object description of smart_control.simulator.vav.Vav.zone_air_temperature, other instance in autoapi/smart_control/simulator/vav/index, use :no-index: for one of them
/app/docs/autoapi/smart_control/simulator/weather_controller/index.rst:96: WARNING: duplicate object description of smart_control.simulator.weather_controller.WeatherController.default_low_temp, other instance in autoapi/smart_control/simulator/weather_controller/index, use :no-index: for one of them
/app/docs/autoapi/smart_control/simulator/weather_controller/index.rst:99: WARNING: duplicate object description of smart_control.simulator.weather_controller.WeatherController.default_high_temp, other instance in autoapi/smart_control/simulator/weather_controller/index, use :no-index: for one of them
/app/docs/autoapi/smart_control/simulator/weather_controller/index.rst:102: WARNING: duplicate object description of smart_control.simulator.weather_controller.WeatherController.special_days, other instance in autoapi/smart_control/simulator/weather_controller/index, use :no-index: for one of them
/app/docs/autoapi/smart_control/simulator/weather_controller/index.rst:105: WARNING: duplicate object description of smart_control.simulator.weather_controller.WeatherController.convection_coefficient, other instance in autoapi/smart_control/simulator/weather_controller/index, use :no-index: for one of them
/app/docs/autoapi/smart_control/simulator/weather_controller/index.rst:156: WARNING: duplicate object description of smart_control.simulator.weather_controller.ReplayWeatherController.convection_coefficient, other instance in autoapi/smart_control/simulator/weather_controller/index, use :no-index: for one of them
/app/docs/autoapi/smart_control/utils/building_renderer/index.rst:46: WARNING: duplicate object description of smart_control.utils.building_renderer.BuildingRenderer.cv_size, other instance in autoapi/smart_control/utils/building_renderer/index, use :no-index: for one of them
